<?xml version="1.0" encoding="UTF-8"?>
<testsuite xmlns:xsi="http://www.w3.org/2001/XMLSchema-instance" xsi:noNamespaceSchemaLocation="https://maven.apache.org/surefire/maven-surefire-plugin/xsd/surefire-test-report.xsd" version="3.0.2" name="TestCalcClient" time="1.798" tests="8" errors="0" skipped="0" failures="0">
  <properties>
    <property name="java.specification.version" value="17"/>
    <property name="sun.jnu.encoding" value="UTF-8"/>
    <property name="java.class.path" value="/home/gilded-andromeda/Uni/2025/DS/A1/DS/target/test-classes:/home/gilded-andromeda/Uni/2025/DS/A1/DS/target/classes:/home/gilded-andromeda/.m2/repository/org/junit/jupiter/junit-jupiter/5.8.2/junit-jupiter-5.8.2.jar:/home/gilded-andromeda/.m2/repository/org/junit/jupiter/junit-jupiter-api/5.8.2/junit-jupiter-api-5.8.2.jar:/home/gilded-andromeda/.m2/repository/org/opentest4j/opentest4j/1.2.0/opentest4j-1.2.0.jar:/home/gilded-andromeda/.m2/repository/org/junit/platform/junit-platform-commons/1.8.2/junit-platform-commons-1.8.2.jar:/home/gilded-andromeda/.m2/repository/org/apiguardian/apiguardian-api/1.1.2/apiguardian-api-1.1.2.jar:/home/gilded-andromeda/.m2/repository/org/junit/jupiter/junit-jupiter-params/5.8.2/junit-jupiter-params-5.8.2.jar:/home/gilded-andromeda/.m2/repository/org/junit/jupiter/junit-jupiter-engine/5.8.2/junit-jupiter-engine-5.8.2.jar:/home/gilded-andromeda/.m2/repository/org/junit/platform/junit-platform-engine/1.8.2/junit-platform-engine-1.8.2.jar:"/>
    <property name="java.vm.vendor" value="Ubuntu"/>
    <property name="sun.arch.data.model" value="64"/>
    <property name="java.vendor.url" value="https://ubuntu.com/"/>
    <property name="os.name" value="Linux"/>
    <property name="java.vm.specification.version" value="17"/>
    <property name="sun.java.launcher" value="SUN_STANDARD"/>
    <property name="sun.boot.library.path" value="/usr/lib/jvm/java-17-openjdk-amd64/lib"/>
    <property name="sun.java.command" value="/home/gilded-andromeda/Uni/2025/DS/A1/DS/target/surefire/surefirebooter-20250817211443522_3.jar /home/gilded-andromeda/Uni/2025/DS/A1/DS/target/surefire 2025-08-17T21-14-43_295-jvmRun1 surefire-20250817211443522_1tmp surefire_0-20250817211443522_2tmp"/>
    <property name="jdk.debug" value="release"/>
    <property name="surefire.test.class.path" value="/home/gilded-andromeda/Uni/2025/DS/A1/DS/target/test-classes:/home/gilded-andromeda/Uni/2025/DS/A1/DS/target/classes:/home/gilded-andromeda/.m2/repository/org/junit/jupiter/junit-jupiter/5.8.2/junit-jupiter-5.8.2.jar:/home/gilded-andromeda/.m2/repository/org/junit/jupiter/junit-jupiter-api/5.8.2/junit-jupiter-api-5.8.2.jar:/home/gilded-andromeda/.m2/repository/org/opentest4j/opentest4j/1.2.0/opentest4j-1.2.0.jar:/home/gilded-andromeda/.m2/repository/org/junit/platform/junit-platform-commons/1.8.2/junit-platform-commons-1.8.2.jar:/home/gilded-andromeda/.m2/repository/org/apiguardian/apiguardian-api/1.1.2/apiguardian-api-1.1.2.jar:/home/gilded-andromeda/.m2/repository/org/junit/jupiter/junit-jupiter-params/5.8.2/junit-jupiter-params-5.8.2.jar:/home/gilded-andromeda/.m2/repository/org/junit/jupiter/junit-jupiter-engine/5.8.2/junit-jupiter-engine-5.8.2.jar:/home/gilded-andromeda/.m2/repository/org/junit/platform/junit-platform-engine/1.8.2/junit-platform-engine-1.8.2.jar:"/>
    <property name="sun.cpu.endian" value="little"/>
    <property name="user.home" value="/home/gilded-andromeda"/>
    <property name="user.language" value="en"/>
    <property name="java.specification.vendor" value="Oracle Corporation"/>
    <property name="java.version.date" value="2025-07-15"/>
    <property name="java.home" value="/usr/lib/jvm/java-17-openjdk-amd64"/>
    <property name="file.separator" value="/"/>
    <property name="basedir" value="/home/gilded-andromeda/Uni/2025/DS/A1/DS"/>
    <property name="java.vm.compressedOopsMode" value="32-bit"/>
    <property name="line.separator" value="&#10;"/>
    <property name="java.vm.specification.vendor" value="Oracle Corporation"/>
    <property name="java.specification.name" value="Java Platform API Specification"/>
    <property name="surefire.real.class.path" value="/home/gilded-andromeda/Uni/2025/DS/A1/DS/target/surefire/surefirebooter-20250817211443522_3.jar"/>
    <property name="sun.management.compiler" value="HotSpot 64-Bit Tiered Compilers"/>
    <property name="java.runtime.version" value="17.0.16+8-Ubuntu-0ubuntu124.04.1"/>
    <property name="user.name" value="gilded-andromeda"/>
    <property name="path.separator" value=":"/>
    <property name="os.version" value="6.6.87.2-microsoft-standard-WSL2"/>
    <property name="java.runtime.name" value="OpenJDK Runtime Environment"/>
    <property name="file.encoding" value="UTF-8"/>
    <property name="java.vm.name" value="OpenJDK 64-Bit Server VM"/>
    <property name="localRepository" value="/home/gilded-andromeda/.m2/repository"/>
    <property name="java.vendor.url.bug" value="https://bugs.launchpad.net/ubuntu/+source/openjdk-17"/>
    <property name="java.io.tmpdir" value="/tmp"/>
    <property name="java.version" value="17.0.16"/>
    <property name="user.dir" value="/home/gilded-andromeda/Uni/2025/DS/A1/DS"/>
    <property name="os.arch" value="amd64"/>
    <property name="java.vm.specification.name" value="Java Virtual Machine Specification"/>
    <property name="native.encoding" value="UTF-8"/>
    <property name="java.library.path" value="/usr/java/packages/lib:/usr/lib/x86_64-linux-gnu/jni:/lib/x86_64-linux-gnu:/usr/lib/x86_64-linux-gnu:/usr/lib/jni:/lib:/usr/lib"/>
    <property name="java.vm.info" value="mixed mode, sharing"/>
    <property name="java.vendor" value="Ubuntu"/>
    <property name="java.vm.version" value="17.0.16+8-Ubuntu-0ubuntu124.04.1"/>
    <property name="java.specification.maintenance.version" value="1"/>
    <property name="sun.io.unicode.encoding" value="UnicodeLittle"/>
    <property name="java.class.version" value="61.0"/>
  </properties>
  <testcase name="singleClientOperations" classname="TestCalcClient" time="0.063">
    <system-out><![CDATA[[SERVER] - Client 1139b4de-72c9-4c7d-bfcf-f03cda80e36f || pushed: 19
[SERVER] - Client 1139b4de-72c9-4c7d-bfcf-f03cda80e36f || pushed: 10
[SERVER] - Client 1139b4de-72c9-4c7d-bfcf-f03cda80e36f || lcm || Res: 190
[SERVER] - Client 1139b4de-72c9-4c7d-bfcf-f03cda80e36f || Popped 190 from its calculator stack
[SERVER] - Client 1139b4de-72c9-4c7d-bfcf-f03cda80e36f || pushed: 20
[SERVER] - Client 1139b4de-72c9-4c7d-bfcf-f03cda80e36f || pushed: 30
[SERVER] - Client 1139b4de-72c9-4c7d-bfcf-f03cda80e36f || gcd || Res: 10
[SERVER] - Client 1139b4de-72c9-4c7d-bfcf-f03cda80e36f || Popped 10 from its calculator stack
[SERVER] - Client 1139b4de-72c9-4c7d-bfcf-f03cda80e36f || pushed: 10
[SERVER] - Client 1139b4de-72c9-4c7d-bfcf-f03cda80e36f || pushed: -1019
[SERVER] - Client 1139b4de-72c9-4c7d-bfcf-f03cda80e36f || min || Res: -1019
[SERVER] - Client 1139b4de-72c9-4c7d-bfcf-f03cda80e36f || Popped -1019 from its calculator stack
[SERVER] - Client 1139b4de-72c9-4c7d-bfcf-f03cda80e36f || pushed: -7
[SERVER] - Client 1139b4de-72c9-4c7d-bfcf-f03cda80e36f || pushed: -892
[SERVER] - Client 1139b4de-72c9-4c7d-bfcf-f03cda80e36f || max || Res: -7
[SERVER] - Client 1139b4de-72c9-4c7d-bfcf-f03cda80e36f || Popped -7 from its calculator stack
]]></system-out>
  </testcase>
  <testcase name="MultipleClientsDelayPop" classname="TestCalcClient" time="1.009">
    <system-out><![CDATA[[SERVER] - Client c2eac3e3-78f5-47e9-916d-fd49817b0d1c || pushed: 10
[SERVER] - Client 32a9e53d-d523-4e9d-a9d7-e53e9c6d6b08 || pushed: 20
[SERVER] - Client c2eac3e3-78f5-47e9-916d-fd49817b0d1c || delayPop called || Thread-1 sleeping for 500 milliseconds
[SERVER] - Client c2eac3e3-78f5-47e9-916d-fd49817b0d1c || Popped 10 from its calculator stack
[SERVER] - Client 32a9e53d-d523-4e9d-a9d7-e53e9c6d6b08 || delayPop called || Thread-2 sleeping for 1000 milliseconds
[SERVER] - Client 32a9e53d-d523-4e9d-a9d7-e53e9c6d6b08 || Popped 20 from its calculator stack
]]></system-out>
  </testcase>
  <testcase name="singleClientPushPop" classname="TestCalcClient" time="0.004">
    <system-out><![CDATA[[SERVER] - Client 51ee876f-8fa6-47e0-9825-836e9035930b || pushed: 10
[SERVER] - Client 51ee876f-8fa6-47e0-9825-836e9035930b || pushed: 20
[SERVER] - Client 51ee876f-8fa6-47e0-9825-836e9035930b || Popped 20 from its calculator stack
[SERVER] - Client 51ee876f-8fa6-47e0-9825-836e9035930b || Popped 10 from its calculator stack
]]></system-out>
  </testcase>
  <testcase name="singleClientDelayPop" classname="TestCalcClient" time="0.505">
    <system-out><![CDATA[[SERVER] - Client ac6b9771-4e6c-4bec-9edd-4fd94e9995a1 || pushed: 10
[SERVER] - Client ac6b9771-4e6c-4bec-9edd-4fd94e9995a1 || delayPop called || main sleeping for 500 milliseconds
[SERVER] - Client ac6b9771-4e6c-4bec-9edd-4fd94e9995a1 || Popped 10 from its calculator stack
]]></system-out>
  </testcase>
  <testcase name="multipleClientsOperations" classname="TestCalcClient" time="0.004">
    <system-out><![CDATA[[SERVER] - Client 951238bb-139c-4068-ad60-712aa7569b7a || pushed: 10
[SERVER] - Client 4721e8b7-f05c-4738-b332-66c281252e14 || pushed: 20
[SERVER] - Client 4721e8b7-f05c-4738-b332-66c281252e14 || pushed: 18
[SERVER] - Client 951238bb-139c-4068-ad60-712aa7569b7a || pushed: 30
[SERVER] - Client 951238bb-139c-4068-ad60-712aa7569b7a || lcm || Res: 30
[SERVER] - Client 4721e8b7-f05c-4738-b332-66c281252e14 || gcd || Res: 2
[SERVER] - Client 951238bb-139c-4068-ad60-712aa7569b7a || Popped 30 from its calculator stack
[SERVER] - Client 4721e8b7-f05c-4738-b332-66c281252e14 || Popped 2 from its calculator stack
]]></system-out>
  </testcase>
  <testcase name="emptyPop" classname="TestCalcClient" time="0.006"/>
  <testcase name="multipleClientsIndependence" classname="TestCalcClient" time="0.004">
    <system-out><![CDATA[[SERVER] - Client 849a1009-d347-4bb0-ab11-3b8c8b1ead4d || pushed: 10
[SERVER] - Client acfed32f-dcbb-4191-bacf-679386df6989 || pushed: 20
[SERVER] - Client 849a1009-d347-4bb0-ab11-3b8c8b1ead4d || pushed: 30
[SERVER] - Client 849a1009-d347-4bb0-ab11-3b8c8b1ead4d || Popped 30 from its calculator stack
[SERVER] - Client acfed32f-dcbb-4191-bacf-679386df6989 || Popped 20 from its calculator stack
[SERVER] - Client 849a1009-d347-4bb0-ab11-3b8c8b1ead4d || Popped 10 from its calculator stack
]]></system-out>
  </testcase>
  <testcase name="MultipleClientsPushPop" classname="TestCalcClient" time="0.004">
    <system-out><![CDATA[[SERVER] - Client 4397c0f3-4b12-4f16-ad48-80c47e8197b6 || pushed: 10
[SERVER] - Client b2a1a40e-d499-452e-ac50-9a6ef984406d || pushed: 20
[SERVER] - Client 4397c0f3-4b12-4f16-ad48-80c47e8197b6 || pushed: 30
[SERVER] - Client 4397c0f3-4b12-4f16-ad48-80c47e8197b6 || min || Res: 10
[SERVER] - Client 4397c0f3-4b12-4f16-ad48-80c47e8197b6 || Popped 10 from its calculator stack
[SERVER] - Client b2a1a40e-d499-452e-ac50-9a6ef984406d || Popped 20 from its calculator stack
]]></system-out>
  </testcase>
</testsuite>